<?xml version="1.0" encoding="UTF-8"?>
<beans xmlns="http://www.springframework.org/schema/beans"
    xmlns:xsi="http://www.w3.org/2001/XMLSchema-instance"
    xmlns:jdbc="http://www.springframework.org/schema/jdbc"
    xsi:schemaLocation="http://www.springframework.org/schema/beans
              http://www.springframework.org/schema/beans/spring-beans-3.1.xsd
              http://www.springframework.org/schema/jdbc
              http://www.springframework.org/schema/jdbc/spring-jdbc-3.1.xsd">


	<jdbc:embedded-database id="dataSource">
		<jdbc:script location="classpath:schema.sql"/>
	</jdbc:embedded-database>

	<bean id="sessionFactory" class="org.springframework.orm.hibernate4.LocalSessionFactoryBean">
		<property name="dataSource" ref="dataSource"/>
		<property name="annotatedClasses">
			<list>
				<value>com.smartapp.data.domain.T_Account</value>
                <value>com.smartapp.data.domain.T_User</value>
			</list>
		</property>
		<property name="hibernateProperties">
			<value>
				hibernate.format_sql=true
				hibernate.show_sql=true
			</value>
		</property>
	</bean>

	<bean id="transactionManager" class="org.springframework.orm.hibernate4.HibernateTransactionManager">
		<property name="sessionFactory" ref="sessionFactory"/>
	</bean>

</beans>
